/Users/stanjessgrubbs/Library/Python/3.9/lib/python/site-packages/urllib3/__init__.py:35: NotOpenSSLWarning: urllib3 v2 only supports OpenSSL 1.1.1+, currently the 'ssl' module is compiled with 'LibreSSL 2.8.3'. See: https://github.com/urllib3/urllib3/issues/3020
  warnings.warn(
INFO:__main__:Starting Energy Recommendation Engine Dashboard
INFO:__main__:All required packages are available
INFO:__main__:Initialized dashboard with 366 data points
INFO:__main__:Generated 2 recommendations
INFO:__main__:Starting dashboard server on 0.0.0.0:8051
============================================================
Energy Recommendation Engine Dashboard
============================================================
Dashboard Version: 1.0.0
Server Host: 0.0.0.0
Server Port: 8051
Debug Mode: True
Data Path: data
------------------------------------------------------------
Dash is running on http://0.0.0.0:8051/

INFO:dash.dash:Dash is running on http://0.0.0.0:8051/

 * Serving Flask app 'dashboard.app'
 * Debug mode: on
/Users/stanjessgrubbs/Library/Python/3.9/lib/python/site-packages/urllib3/__init__.py:35: NotOpenSSLWarning: urllib3 v2 only supports OpenSSL 1.1.1+, currently the 'ssl' module is compiled with 'LibreSSL 2.8.3'. See: https://github.com/urllib3/urllib3/issues/3020
  warnings.warn(
INFO:__main__:Starting Energy Recommendation Engine Dashboard
INFO:__main__:All required packages are available
INFO:__main__:Initialized dashboard with 366 data points
INFO:__main__:Generated 2 recommendations
INFO:__main__:Starting dashboard server on 0.0.0.0:8051
============================================================
Energy Recommendation Engine Dashboard
============================================================
Dashboard Version: 1.0.0
Server Host: 0.0.0.0
Server Port: 8051
Debug Mode: True
Data Path: data
------------------------------------------------------------
/Users/stanjessgrubbs/Library/Python/3.9/lib/python/site-packages/urllib3/__init__.py:35: NotOpenSSLWarning: urllib3 v2 only supports OpenSSL 1.1.1+, currently the 'ssl' module is compiled with 'LibreSSL 2.8.3'. See: https://github.com/urllib3/urllib3/issues/3020
  warnings.warn(
INFO:__main__:Starting Energy Recommendation Engine Dashboard
INFO:__main__:All required packages are available
INFO:__main__:Initialized dashboard with 366 data points
INFO:__main__:Generated 2 recommendations
INFO:__main__:Starting dashboard server on 0.0.0.0:8051
/Library/Developer/CommandLineTools/Library/Frameworks/Python3.framework/Versions/3.9/lib/python3.9/multiprocessing/resource_tracker.py:216: UserWarning: resource_tracker: There appear to be 1 leaked semaphore objects to clean up at shutdown
  warnings.warn('resource_tracker: There appear to be %d '
/Library/Developer/CommandLineTools/Library/Frameworks/Python3.framework/Versions/3.9/lib/python3.9/multiprocessing/resource_tracker.py:216: UserWarning: resource_tracker: There appear to be 1 leaked semaphore objects to clean up at shutdown
  warnings.warn('resource_tracker: There appear to be %d '
